c:\files\code\lib_win1\vector\x64\debug\vector.pch
c:\files\code\lib_win1\vector\x64\debug\vc143.pdb
c:\files\code\lib_win1\vector\x64\debug\vc143.idb
c:\files\code\lib_win1\vector\x64\debug\pch.obj
c:\files\code\lib_win1\vector\x64\debug\vector.obj
c:\files\code\lib_win1\vector\x64\debug\dllmain.obj
c:\files\code\lib_win1\vector\x64\debug\vector.ilk
c:\files\code\lib_win1\x64\debug\vector.dll
c:\files\code\lib_win1\x64\debug\vector.pdb
c:\files\code\lib_win1\x64\debug\vector.lib
c:\files\code\lib_win1\x64\debug\vector.exp
c:\users\user\downloads\telegram desktop\lib_win1\lib_win1\vector\x64\debug\dllmain.obj
c:\users\user\downloads\telegram desktop\lib_win1\lib_win1\vector\x64\debug\pch.obj
c:\users\user\downloads\telegram desktop\lib_win1\lib_win1\vector\x64\debug\vector.obj
c:\users\user\downloads\telegram desktop\lib_win1\lib_win1\vector\x64\debug\vector.ilk
c:\users\user\downloads\telegram desktop\lib_win1\lib_win1\vector\x64\debug\vector.pch
c:\users\user\downloads\telegram desktop\lib_win1\lib_win1\vector\x64\debug\vc143.idb
c:\users\user\downloads\telegram desktop\lib_win1\lib_win1\vector\x64\debug\vc143.pdb
c:\users\user\downloads\telegram desktop\lib_win1\lib_win1\x64\debug\vector.pdb
c:\users\user\downloads\telegram desktop\lib_win1\lib_win1\x64\debug\vector.dll
c:\users\user\downloads\telegram desktop\lib_win1\lib_win1\vector\x64\debug\vector.tlog\cl.command.1.tlog
c:\users\user\downloads\telegram desktop\lib_win1\lib_win1\vector\x64\debug\vector.tlog\cl.items.tlog
c:\users\user\downloads\telegram desktop\lib_win1\lib_win1\vector\x64\debug\vector.tlog\cl.read.1.tlog
c:\users\user\downloads\telegram desktop\lib_win1\lib_win1\vector\x64\debug\vector.tlog\cl.write.1.tlog
c:\users\user\downloads\telegram desktop\lib_win1\lib_win1\vector\x64\debug\vector.tlog\link.command.1.tlog
c:\users\user\downloads\telegram desktop\lib_win1\lib_win1\vector\x64\debug\vector.tlog\link.read.1.tlog
c:\users\user\downloads\telegram desktop\lib_win1\lib_win1\vector\x64\debug\vector.tlog\link.write.1.tlog
c:\users\user\downloads\telegram desktop\lib_win1\lib_win1\vector\x64\debug\vector.tlog\link.write.2u.tlog
